Arguments: 
  /home/regis/.nvm/versions/node/v14.16.0/bin/node /usr/share/yarn/bin/yarn.js init --y

PATH: 
  /home/regis/.yarn/bin:/home/regis/.yarn/bin:/home/regis/.zinit/polaris/bin:/home/regis/.nvm/versions/node/v14.16.0/bin:/usr/local/sbin:/usr/local/bin:/usr/sbin:/usr/bin:/sbin:/bin:/usr/games:/usr/local/games:/snap/bin:/usr/local/go/bin:/opt/android/sdk/emulator:/opt/android/sdk/tools:/opt/android/sdk/tools/bin:/opt/android/sdk/platform-tools:/opt/android/android_studio/bin:/opt/sonar-scanner-cli-4.6.1.2450-linux/bin:/opt/kind/bin:/opt/istio-1.10.0/bin:/opt/android/sdk/emulator:/opt/android/sdk/tools:/opt/android/sdk/tools/bin:/opt/android/sdk/platform-tools:/opt/android/android_studio/bin:/opt/sonar-scanner-cli-4.6.1.2450-linux/bin:/opt/kind/bin:/opt/istio-1.10.0/bin

Yarn version: 
  1.21.1

Node version: 
  14.16.0

Platform: 
  linux x64

Trace: 
  Error: canceled
      at Interface.<anonymous> (/usr/share/yarn/lib/cli.js:136925:13)
      at Interface.emit (events.js:315:20)
      at Interface._ttyWrite (readline.js:875:16)
      at ReadStream.onkeypress (readline.js:213:10)
      at ReadStream.emit (events.js:315:20)
      at emitKeys (internal/readline/utils.js:345:14)
      at emitKeys.next (<anonymous>)
      at ReadStream.onData (readline.js:1144:36)
      at ReadStream.emit (events.js:315:20)
      at addChunk (internal/streams/readable.js:309:12)

npm manifest: 
  No manifest

yarn manifest: 
  No manifest

Lockfile: 
  No lockfile
